#
# There is insufficient memory for the Java Runtime Environment to continue.
# Native memory allocation (malloc) failed to allocate 284576 bytes for Chunk::new
# Possible reasons:
#   The system is out of physical RAM or swap space
#   In 32 bit mode, the process size limit was hit
# Possible solutions:
#   Reduce memory load on the system
#   Increase physical memory or swap space
#   Check if swap backing store is full
#   Use 64 bit Java on a 64 bit OS
#   Decrease Java heap size (-Xmx/-Xms)
#   Decrease number of Java threads
#   Decrease Java thread stack sizes (-Xss)
#   Set larger code cache with -XX:ReservedCodeCacheSize=
# This output file may be truncated or incomplete.
#
#  Out of Memory Error (allocation.cpp:323), pid=2044, tid=18692
#
# JRE version: Java(TM) SE Runtime Environment (7.0_79-b15) (build 1.7.0_79-b15)
# Java VM: Java HotSpot(TM) 64-Bit Server VM (24.79-b02 mixed mode windows-amd64 compressed oops)
# Failed to write core dump. Minidumps are not enabled by default on client versions of Windows
#

---------------  T H R E A D  ---------------

Current thread (0x000000000837b800):  JavaThread "C2 CompilerThread1" daemon [_thread_in_native, id=18692, stack(0x00000000099e0000,0x0000000009ae0000)]

Stack: [0x00000000099e0000,0x0000000009ae0000]

Current CompileTask:
C2:  12300  488             java.util.TimSort::mergeLo (655 bytes)


---------------  P R O C E S S  ---------------

Java Threads: ( => current thread )
  0x000000000838d800 JavaThread "Service Thread" daemon [_thread_blocked, id=19304, stack(0x0000000009ae0000,0x0000000009be0000)]
=>0x000000000837b800 JavaThread "C2 CompilerThread1" daemon [_thread_in_native, id=18692, stack(0x00000000099e0000,0x0000000009ae0000)]
  0x000000000837a000 JavaThread "C2 CompilerThread0" daemon [_thread_blocked, id=12624, stack(0x00000000098e0000,0x00000000099e0000)]
  0x0000000008379000 JavaThread "Attach Listener" daemon [_thread_blocked, id=9692, stack(0x00000000097e0000,0x00000000098e0000)]
  0x00000000024de000 JavaThread "Signal Dispatcher" daemon [_thread_blocked, id=7364, stack(0x00000000096e0000,0x00000000097e0000)]
  0x00000000024cd000 JavaThread "Finalizer" daemon [_thread_blocked, id=2492, stack(0x00000000095e0000,0x00000000096e0000)]
  0x00000000024c4800 JavaThread "Reference Handler" daemon [_thread_blocked, id=19048, stack(0x00000000094e0000,0x00000000095e0000)]
  0x00000000023e4800 JavaThread "main" [_thread_in_Java, id=18200, stack(0x0000000002230000,0x0000000002330000)]

Other Threads:
  0x0000000008352800 VMThread [stack: 0x00000000093e0000,0x00000000094e0000] [id=20404]
  0x0000000008399000 WatcherThread [stack: 0x0000000009be0000,0x0000000009ce0000] [id=17020]

VM state:not at safepoint (normal execution)

VM Mutex/Monitor currently owned by a thread: None

Heap
 PSYoungGen      total 332800K, used 198317K [0x00000000eaa80000, 0x0000000100000000, 0x0000000100000000)
  eden space 318976K, 62% used [0x00000000eaa80000,0x00000000f6c2b588,0x00000000fe200000)
  from space 13824K, 0% used [0x00000000ff280000,0x00000000ff280000,0x0000000100000000)
  to   space 15360K, 0% used [0x00000000fe200000,0x00000000fe200000,0x00000000ff100000)
 ParOldGen       total 71680K, used 32977K [0x00000000c0000000, 0x00000000c4600000, 0x00000000eaa80000)
  object space 71680K, 46% used [0x00000000c0000000,0x00000000c20346e0,0x00000000c4600000)
 PSPermGen       total 21504K, used 4899K [0x00000000bae00000, 0x00000000bc300000, 0x00000000c0000000)
  object space 21504K, 22% used [0x00000000bae00000,0x00000000bb2c8e28,0x00000000bc300000)

Card table byte_map: [0x00000000055a0000,0x00000000057d0000] byte_map_base: 0x0000000004fc9000

Polling page: 0x0000000000a80000

Code Cache  [0x00000000024e0000, 0x0000000002750000, 0x00000000054e0000)
 total_blobs=723 nmethods=482 adapters=193 free_code_cache=47666Kb largest_free_block=48773440

Compilation events (10 events):
Event: 10.811 Thread 0x000000000837b800 nmethod 484 0x0000000002657a50 code [0x0000000002657c00, 0x0000000002659398]
Event: 11.211 Thread 0x000000000837a000  485             com.android.dex.EncodedValueReader::readNull (12 bytes)
Event: 11.215 Thread 0x000000000837a000 nmethod 485 0x00000000026573d0 code [0x0000000002657520, 0x00000000026576f8]
Event: 11.723 Thread 0x000000000837b800  486             com.android.dex.EncodedValueReader::readMethod (24 bytes)
Event: 11.734 Thread 0x000000000837b800 nmethod 486 0x0000000002656a50 code [0x0000000002656bc0, 0x0000000002656fb8]
Event: 11.806 Thread 0x000000000837a000  487             java.util.TimSort::mergeLo (655 bytes)
Event: 11.871 Thread 0x000000000837a000 nmethod 487 0x0000000002659fd0 code [0x000000000265a1a0, 0x000000000265b9f8]
Event: 12.280 Thread 0x000000000837b800  488             java.util.TimSort::mergeLo (655 bytes)
Event: 12.282 Thread 0x000000000837a000  489             java.util.TimSort::mergeCollapse (101 bytes)
Event: 12.285 Thread 0x000000000837a000 nmethod 489 0x0000000002656550 code [0x00000000026566c0, 0x0000000002656878]

GC Heap History (10 events):
Event: 5.449 GC heap before
{Heap before GC invocations=7 (full 0):
 PSYoungGen      total 209920K, used 209128K [0x00000000eaa80000, 0x00000000f8680000, 0x0000000100000000)
  eden space 199168K, 100% used [0x00000000eaa80000,0x00000000f6d00000,0x00000000f6d00000)
  from space 10752K, 92% used [0x00000000f7900000,0x00000000f82ba1e8,0x00000000f8380000)
  to   space 12288K, 0% used [0x00000000f6d00000,0x00000000f6d00000,0x00000000f7900000)
 ParOldGen       total 64512K, used 17392K [0x00000000c0000000, 0x00000000c3f00000, 0x00000000eaa80000)
  object space 64512K, 26% used [0x00000000c0000000,0x00000000c10fc158,0x00000000c3f00000)
 PSPermGen       total 21504K, used 4887K [0x00000000bae00000, 0x00000000bc300000, 0x00000000c0000000)
  object space 21504K, 22% used [0x00000000bae00000,0x00000000bb2c5e00,0x00000000bc300000)
Event: 5.467 GC heap after
Heap after GC invocations=7 (full 0):
 PSYoungGen      total 211456K, used 11206K [0x00000000eaa80000, 0x0000000100000000, 0x0000000100000000)
  eden space 199168K, 0% used [0x00000000eaa80000,0x00000000eaa80000,0x00000000f6d00000)
  from space 12288K, 91% used [0x00000000f6d00000,0x00000000f77f18e8,0x00000000f7900000)
  to   space 13312K, 0% used [0x00000000ff300000,0x00000000ff300000,0x0000000100000000)
 ParOldGen       total 64512K, used 18025K [0x00000000c0000000, 0x00000000c3f00000, 0x00000000eaa80000)
  object space 64512K, 27% used [0x00000000c0000000,0x00000000c119a4f0,0x00000000c3f00000)
 PSPermGen       total 21504K, used 4887K [0x00000000bae00000, 0x00000000bc300000, 0x00000000c0000000)
  object space 21504K, 22% used [0x00000000bae00000,0x00000000bb2c5e00,0x00000000bc300000)
}
Event: 6.797 GC heap before
{Heap before GC invocations=8 (full 0):
 PSYoungGen      total 211456K, used 210374K [0x00000000eaa80000, 0x0000000100000000, 0x0000000100000000)
  eden space 199168K, 100% used [0x00000000eaa80000,0x00000000f6d00000,0x00000000f6d00000)
  from space 12288K, 91% used [0x00000000f6d00000,0x00000000f77f18e8,0x00000000f7900000)
  to   space 13312K, 0% used [0x00000000ff300000,0x00000000ff300000,0x0000000100000000)
 ParOldGen       total 64512K, used 18025K [0x00000000c0000000, 0x00000000c3f00000, 0x00000000eaa80000)
  object space 64512K, 27% used [0x00000000c0000000,0x00000000c119a4f0,0x00000000c3f00000)
 PSPermGen       total 21504K, used 4891K [0x00000000bae00000, 0x00000000bc300000, 0x00000000c0000000)
  object space 21504K, 22% used [0x00000000bae00000,0x00000000bb2c6c10,0x00000000bc300000)
Event: 6.861 GC heap after
Heap after GC invocations=8 (full 0):
 PSYoungGen      total 336384K, used 9299K [0x00000000eaa80000, 0x0000000100000000, 0x0000000100000000)
  eden space 323072K, 0% used [0x00000000eaa80000,0x00000000eaa80000,0x00000000fe600000)
  from space 13312K, 69% used [0x00000000ff300000,0x00000000ffc14e80,0x0000000100000000)
  to   space 13312K, 0% used [0x00000000fe600000,0x00000000fe600000,0x00000000ff300000)
 ParOldGen       total 64512K, used 35158K [0x00000000c0000000, 0x00000000c3f00000, 0x00000000eaa80000)
  object space 64512K, 54% used [0x00000000c0000000,0x00000000c22558f0,0x00000000c3f00000)
 PSPermGen       total 21504K, used 4891K [0x00000000bae00000, 0x00000000bc300000, 0x00000000c0000000)
  object space 21504K, 22% used [0x00000000bae00000,0x00000000bb2c6c10,0x00000000bc300000)
}
Event: 9.419 GC heap before
{Heap before GC invocations=9 (full 0):
 PSYoungGen      total 336384K, used 332371K [0x00000000eaa80000, 0x0000000100000000, 0x0000000100000000)
  eden space 323072K, 100% used [0x00000000eaa80000,0x00000000fe600000,0x00000000fe600000)
  from space 13312K, 69% used [0x00000000ff300000,0x00000000ffc14e80,0x0000000100000000)
  to   space 13312K, 0% used [0x00000000fe600000,0x00000000fe600000,0x00000000ff300000)
 ParOldGen       total 64512K, used 35158K [0x00000000c0000000, 0x00000000c3f00000, 0x00000000eaa80000)
  object space 64512K, 54% used [0x00000000c0000000,0x00000000c22558f0,0x00000000c3f00000)
 PSPermGen       total 21504K, used 4897K [0x00000000bae00000, 0x00000000bc300000, 0x00000000c0000000)
  object space 21504K, 22% used [0x00000000bae00000,0x00000000bb2c8450,0x00000000bc300000)
Event: 9.463 GC heap after
Heap after GC invocations=9 (full 0):
 PSYoungGen      total 333824K, used 10689K [0x00000000eaa80000, 0x0000000100000000, 0x0000000100000000)
  eden space 323072K, 0% used [0x00000000eaa80000,0x00000000eaa80000,0x00000000fe600000)
  from space 10752K, 99% used [0x00000000fe600000,0x00000000ff070638,0x00000000ff080000)
  to   space 13824K, 0% used [0x00000000ff280000,0x00000000ff280000,0x0000000100000000)
 ParOldGen       total 64512K, used 47585K [0x00000000c0000000, 0x00000000c3f00000, 0x00000000eaa80000)
  object space 64512K, 73% used [0x00000000c0000000,0x00000000c2e787b0,0x00000000c3f00000)
 PSPermGen       total 21504K, used 4897K [0x00000000bae00000, 0x00000000bc300000, 0x00000000c0000000)
  object space 21504K, 22% used [0x00000000bae00000,0x00000000bb2c8450,0x00000000bc300000)
}
Event: 11.090 GC heap before
{Heap before GC invocations=10 (full 0):
 PSYoungGen      total 333824K, used 333761K [0x00000000eaa80000, 0x0000000100000000, 0x0000000100000000)
  eden space 323072K, 100% used [0x00000000eaa80000,0x00000000fe600000,0x00000000fe600000)
  from space 10752K, 99% used [0x00000000fe600000,0x00000000ff070638,0x00000000ff080000)
  to   space 13824K, 0% used [0x00000000ff280000,0x00000000ff280000,0x0000000100000000)
 ParOldGen       total 64512K, used 47585K [0x00000000c0000000, 0x00000000c3f00000, 0x00000000eaa80000)
  object space 64512K, 73% used [0x00000000c0000000,0x00000000c2e787b0,0x00000000c3f00000)
 PSPermGen       total 21504K, used 4901K [0x00000000bae00000, 0x00000000bc300000, 0x00000000c0000000)
  object space 21504K, 22% used [0x00000000bae00000,0x00000000bb2c9738,0x00000000bc300000)
Event: 11.129 GC heap after
Heap after GC invocations=10 (full 0):
 PSYoungGen      total 332800K, used 13607K [0x00000000eaa80000, 0x0000000100000000, 0x0000000100000000)
  eden space 318976K, 0% used [0x00000000eaa80000,0x00000000eaa80000,0x00000000fe200000)
  from space 13824K, 98% used [0x00000000ff280000,0x00000000fffc9fe8,0x0000000100000000)
  to   space 15360K, 0% used [0x00000000fe200000,0x00000000fe200000,0x00000000ff100000)
 ParOldGen       total 71680K, used 67669K [0x00000000c0000000, 0x00000000c4600000, 0x00000000eaa80000)
  object space 71680K, 94% used [0x00000000c0000000,0x00000000c4215630,0x00000000c4600000)
 PSPermGen       total 21504K, used 4901K [0x00000000bae00000, 0x00000000bc300000, 0x00000000c0000000)
  object space 21504K, 22% used [0x00000000bae00000,0x00000000bb2c9738,0x00000000bc300000)
}
Event: 11.130 GC heap before
{Heap before GC invocations=11 (full 1):
 PSYoungGen      total 332800K, used 13607K [0x00000000eaa80000, 0x0000000100000000, 0x0000000100000000)
  eden space 318976K, 0% used [0x00000000eaa80000,0x00000000eaa80000,0x00000000fe200000)
  from space 13824K, 98% used [0x00000000ff280000,0x00000000fffc9fe8,0x0000000100000000)
  to   space 15360K, 0% used [0x00000000fe200000,0x00000000fe200000,0x00000000ff100000)
 ParOldGen       total 71680K, used 67669K [0x00000000c0000000, 0x00000000c4600000, 0x00000000eaa80000)
  object space 71680K, 94% used [0x00000000c0000000,0x00000000c4215630,0x00000000c4600000)
 PSPermGen       total 21504K, used 4901K [0x00000000bae00000, 0x00000000bc300000, 0x00000000c0000000)
  object space 21504K, 22% used [0x00000000bae00000,0x00000000bb2c9738,0x00000000bc300000)
Event: 11.192 GC heap after
Heap after GC invocations=11 (full 1):
 PSYoungGen      total 332800K, used 0K [0x00000000eaa80000, 0x0000000100000000, 0x0000000100000000)
  eden space 318976K, 0% used [0x00000000eaa80000,0x00000000eaa80000,0x00000000fe200000)
  from space 13824K, 0% used [0x00000000ff280000,0x00000000ff280000,0x0000000100000000)
  to   space 15360K, 0% used [0x00000000fe200000,0x00000000fe200000,0x00000000ff100000)
 ParOldGen       total 71680K, used 32977K [0x00000000c0000000, 0x00000000c4600000, 0x00000000eaa80000)
  object space 71680K, 46% used [0x00000000c0000000,0x00000000c20346e0,0x00000000c4600000)
 PSPermGen       total 21504K, used 4899K [0x00000000bae00000, 0x00000000bc300000, 0x00000000c0000000)
  object space 21504K, 22% used [0x00000000bae00000,0x00000000bb2c8e28,0x00000000bc300000)
}

Deoptimization events (10 events):
Event: 2.227 Thread 0x00000000023e4800 Uncommon trap: reason=array_check action=maybe_recompile pc=0x00000000025ee5c0 method=java.util.ComparableTimSort.binarySort([Ljava/lang/Object;III)V @ 193
Event: 2.329 Thread 0x00000000023e4800 Uncommon trap: reason=array_check action=maybe_recompile pc=0x00000000025fc938 method=java.util.ComparableTimSort.binarySort([Ljava/lang/Object;III)V @ 215
Event: 2.633 Thread 0x00000000023e4800 Uncommon trap: reason=array_check action=maybe_recompile pc=0x00000000025fc938 method=java.util.ComparableTimSort.binarySort([Ljava/lang/Object;III)V @ 215
Event: 2.839 Thread 0x00000000023e4800 Uncommon trap: reason=array_check action=maybe_recompile pc=0x00000000026330e4 method=java.util.ComparableTimSort.binarySort([Ljava/lang/Object;III)V @ 183
Event: 3.275 Thread 0x00000000023e4800 Uncommon trap: reason=array_check action=maybe_recompile pc=0x00000000026330e4 method=java.util.ComparableTimSort.binarySort([Ljava/lang/Object;III)V @ 183
Event: 11.216 Thread 0x00000000023e4800 Uncommon trap: reason=array_check action=maybe_recompile pc=0x0000000002658eac method=java.util.TimSort.mergeLo(IIII)V @ 77
Event: 11.216 Thread 0x00000000023e4800 Uncommon trap: reason=array_check action=maybe_recompile pc=0x0000000002658eac method=java.util.TimSort.mergeLo(IIII)V @ 77
Event: 11.216 Thread 0x00000000023e4800 Uncommon trap: reason=array_check action=maybe_recompile pc=0x0000000002658eac method=java.util.TimSort.mergeLo(IIII)V @ 77
Event: 11.216 Thread 0x00000000023e4800 Uncommon trap: reason=array_check action=maybe_recompile pc=0x0000000002658eac method=java.util.TimSort.mergeLo(IIII)V @ 77
Event: 12.277 Thread 0x00000000023e4800 Uncommon trap: reason=predicate action=maybe_recompile pc=0x000000000265b5c4 method=java.util.TimSort.mergeLo(IIII)V @ 149

Internal exceptions (10 events):
Event: 0.459 Thread 0x00000000023e4800 Threw 0x00000000eb7bbd50 at C:\re\jdk7u79\2331\hotspot\src\share\vm\prims\jvm.cpp:1304
Event: 0.459 Thread 0x00000000023e4800 Threw 0x00000000eb7bee00 at C:\re\jdk7u79\2331\hotspot\src\share\vm\prims\jvm.cpp:1304
Event: 0.459 Thread 0x00000000023e4800 Threw 0x00000000eb7c20f0 at C:\re\jdk7u79\2331\hotspot\src\share\vm\prims\jvm.cpp:1304
Event: 0.461 Thread 0x00000000023e4800 Threw 0x00000000eb7c5a58 at C:\re\jdk7u79\2331\hotspot\src\share\vm\prims\jvm.cpp:1304
Event: 0.461 Thread 0x00000000023e4800 Threw 0x00000000eb7c88e0 at C:\re\jdk7u79\2331\hotspot\src\share\vm\prims\jvm.cpp:1304
Event: 0.462 Thread 0x00000000023e4800 Threw 0x00000000eb7cb928 at C:\re\jdk7u79\2331\hotspot\src\share\vm\prims\jvm.cpp:1304
Event: 0.462 Thread 0x00000000023e4800 Threw 0x00000000eb7ced98 at C:\re\jdk7u79\2331\hotspot\src\share\vm\prims\jvm.cpp:1304
Event: 0.465 Thread 0x00000000023e4800 Threw 0x00000000eb7d73c8 at C:\re\jdk7u79\2331\hotspot\src\share\vm\prims\jvm.cpp:1304
Event: 0.466 Thread 0x00000000023e4800 Threw 0x00000000eb819b10 at C:\re\jdk7u79\2331\hotspot\src\share\vm\prims\jvm.cpp:1304
Event: 1.034 Thread 0x00000000023e4800 Threw 0x00000000eb2ea900 at C:\re\jdk7u79\2331\hotspot\src\share\vm\prims\jvm.cpp:1304

Events (10 events):
Event: 11.216 Thread 0x00000000023e4800 DEOPT UNPACKING pc=0x00000000025175a4 sp=0x000000000232f180 mode 2
Event: 11.216 Thread 0x00000000023e4800 Uncommon trap: trap_request=0xffffffd6 fr.pc=0x0000000002658eac
Event: 11.216 Thread 0x00000000023e4800 DEOPT PACKING pc=0x0000000002658eac sp=0x000000000232f170
Event: 11.216 Thread 0x00000000023e4800 DEOPT UNPACKING pc=0x00000000025175a4 sp=0x000000000232f180 mode 2
Event: 11.216 Thread 0x00000000023e4800 Uncommon trap: trap_request=0xffffffd6 fr.pc=0x0000000002658eac
Event: 11.216 Thread 0x00000000023e4800 DEOPT PACKING pc=0x0000000002658eac sp=0x000000000232f170
Event: 11.216 Thread 0x00000000023e4800 DEOPT UNPACKING pc=0x00000000025175a4 sp=0x000000000232f180 mode 2
Event: 12.277 Thread 0x00000000023e4800 Uncommon trap: trap_request=0xffffff86 fr.pc=0x000000000265b5c4
Event: 12.277 Thread 0x00000000023e4800 DEOPT PACKING pc=0x000000000265b5c4 sp=0x000000000232f170
Event: 12.277 Thread 0x00000000023e4800 DEOPT UNPACKING pc=0x00000000025175a4 sp=0x000000000232f198 mode 2


Dynamic libraries:
0x00007ff773fd0000 - 0x00007ff774003000 	C:\Program Files\Java\jdk1.7.0_79\bin\java.exe
0x00007ff988f30000 - 0x00007ff9890f1000 	C:\WINDOWS\SYSTEM32\ntdll.dll
0x00007ff987920000 - 0x00007ff9879cd000 	C:\WINDOWS\system32\KERNEL32.DLL
0x00007ff985f40000 - 0x00007ff986128000 	C:\WINDOWS\system32\KERNELBASE.dll
0x00007ff987400000 - 0x00007ff9874a7000 	C:\WINDOWS\system32\ADVAPI32.dll
0x00007ff9867e0000 - 0x00007ff98687d000 	C:\WINDOWS\system32\msvcrt.dll
0x00007ff9864f0000 - 0x00007ff98654b000 	C:\WINDOWS\system32\sechost.dll
0x00007ff986560000 - 0x00007ff98667c000 	C:\WINDOWS\system32\RPCRT4.dll
0x00007ff986680000 - 0x00007ff9867d6000 	C:\WINDOWS\system32\USER32.dll
0x00007ff9868e0000 - 0x00007ff986a66000 	C:\WINDOWS\system32\GDI32.dll
0x00007ff97b6b0000 - 0x00007ff97b924000 	C:\WINDOWS\WinSxS\amd64_microsoft.windows.common-controls_6595b64144ccf1df_6.0.10586.0_none_8c15ae12515e1c22\COMCTL32.dll
0x00007ff9874b0000 - 0x00007ff98772d000 	C:\WINDOWS\system32\combase.dll
0x00007ff985e70000 - 0x00007ff985eda000 	C:\WINDOWS\system32\bcryptPrimitives.dll
0x00007ff987730000 - 0x00007ff98776b000 	C:\WINDOWS\system32\IMM32.DLL
0x0000000068790000 - 0x0000000068862000 	C:\Program Files\Java\jdk1.7.0_79\jre\bin\msvcr100.dll
0x0000000069130000 - 0x0000000069905000 	C:\Program Files\Java\jdk1.7.0_79\jre\bin\server\jvm.dll
0x00007ff986f50000 - 0x00007ff986f58000 	C:\WINDOWS\system32\PSAPI.DLL
0x00007ff97a760000 - 0x00007ff97a769000 	C:\WINDOWS\SYSTEM32\WSOCK32.dll
0x00007ff986e60000 - 0x00007ff986ecb000 	C:\WINDOWS\system32\WS2_32.dll
0x00007ff983c50000 - 0x00007ff983c73000 	C:\WINDOWS\SYSTEM32\WINMM.dll
0x00007ff983b10000 - 0x00007ff983b3c000 	C:\WINDOWS\SYSTEM32\WINMMBASE.dll
0x00007ff985e00000 - 0x00007ff985e43000 	C:\WINDOWS\system32\cfgmgr32.dll
0x0000000069120000 - 0x000000006912f000 	C:\Program Files\Java\jdk1.7.0_79\jre\bin\verify.dll
0x00000000690f0000 - 0x0000000069118000 	C:\Program Files\Java\jdk1.7.0_79\jre\bin\java.dll
0x00000000690d0000 - 0x00000000690e5000 	C:\Program Files\Java\jdk1.7.0_79\jre\bin\zip.dll
0x00000000690b0000 - 0x00000000690ca000 	C:\Program Files\Java\jdk1.7.0_79\jre\bin\net.dll
0x00007ff984e20000 - 0x00007ff984e7c000 	C:\WINDOWS\system32\mswsock.dll
0x0000000069090000 - 0x00000000690a1000 	C:\Program Files\Java\jdk1.7.0_79\jre\bin\nio.dll

VM Arguments:
jvm_args: -Djava.awt.headless=true -Xmx1024M -Dfile.encoding=windows-1252 -Duser.country=US -Duser.language=en -Duser.variant 
java_command: com.android.dx.command.Main --dex --num-threads=4 --output E:\Projects\Geopublish\GeoClientWC\app\build\intermediates\transforms\dex\debug\folders\1000\1f\main E:\Projects\Geopublish\GeoClientWC\app\build\intermediates\pre-dexed\debug\com.github.shell-software-uitools-1.1.0_20d721b25221cb66b3de58d1ad60c023035f101f.jar E:\Projects\Geopublish\GeoClientWC\app\build\intermediates\pre-dexed\debug\support-annotations-22.2.1_137612c984159db81c8295036031a763bc37a92f.jar E:\Projects\Geopublish\GeoClientWC\app\build\intermediates\pre-dexed\debug\com.github.shell-software-viewmover-1.1.0_b767f02e97f8bef41107521ea5c78b2d6940e0b9.jar E:\Projects\Geopublish\GeoClientWC\app\build\intermediates\pre-dexed\debug\uz.shift-colorpicker-0.5_db3ba253a56fe08273426161776adcc11725df05.jar E:\Projects\Geopublish\GeoClientWC\app\build\intermediates\pre-dexed\debug\com.google.android.gms-play-services-panorama-8.3.0_87c96e927b4ab6c5c8c31ddc9f3640ee25a2aace.jar E:\Projects\Geopublish\GeoClientWC\app\build\intermediates\pre-dexed\debug\com.pnikosis-materialish-progress-1.0_83447956b1660b8b22ece31242ba22cb909d7d33.jar E:\Projects\Geopublish\GeoClientWC\app\build\intermediates\pre-dexed\debug\internal_impl-22.2.0_145226296b0ca1ee60cfc15cdc4a4c1aab852fd0.jar E:\Projects\Geopublish\GeoClientWC\app\build\intermediates\pre-dexed\debug\com.google.android.gms-play-services-safetynet-8.3.0_9939fa6e7ce47cda22dea4454a2c58bff80db2d1.jar E:\Projects\Geopublish\GeoClientWC\app\build\intermediates\pre-dexed\debug\com.github.aakira-expandable-layout-1.4.0_be2874985a18f1dd333729c91ff8b03d9eab44ed.jar E:\Projects\Geopublish\GeoClientWC\app\build\intermediates\pre-dexed\debug\com.google.android.gms-play-services-identity-8.3.0_61ed9b9b26399772bb964d01604c221271ace7d8.jar E:\Projects\Geopublish\GeoClientWC\app\build\intermediates\pre-dexed\debug\com.google.android.gms-play-services-appinvite-8.3.0_3a8b2eaec3bdd23efcd8ef447df011de9fe8f09a.jar E:\Projects\Geopublish\GeoClientWC\app\build\intermediates\
Launcher Type: SUN_STANDARD

Environment Variables:
PATH=C:\ProgramData\Oracle\Java\javapath;C:\WINDOWS\system32;C:\WINDOWS;C:\WINDOWS\System32\Wbem;C:\WINDOWS\System32\WindowsPowerShell\v1.0\;C:\Program Files (x86)\ATI Technologies\ATI.ACE\Core-Static;C:\Program Files\Microsoft SQL Server\Client SDK\ODBC\110\Tools\Binn\;C:\Program Files (x86)\Microsoft SQL Server\120\Tools\Binn\ManagementStudio\;C:\Program Files (x86)\Microsoft SQL Server\120\Tools\Binn\;C:\Program Files\Microsoft SQL Server\120\Tools\Binn\;C:\Program Files (x86)\Microsoft SQL Server\120\DTS\Binn\;C:\Program Files\Microsoft SQL Server\120\DTS\Binn\;C:\Users\edgar\AppData\Local\Android\sdk\platform-tools;C:\WINDOWS\system32\config\systemprofile\.dnx\bin;C:\Program Files\Microsoft DNX\Dnvm\;C:\Program Files\TortoiseSVN\bin;C:\Program Files (x86)\ArcGIS\EsriProductionMapping\Desktop10.2\Bin;C:\Program Files (x86)\Skype\Phone\;C:\Users\edgar\AppData\Local\Android\sdk\platform-tools
USERNAME=edgar
OS=Windows_NT
PROCESSOR_IDENTIFIER=Intel64 Family 6 Model 58 Stepping 9, GenuineIntel



---------------  S Y S T E M  ---------------

OS: Windows 8.1 , 64 bit Build 9600 

CPU:total 4 (2 cores per cpu, 2 threads per core) family 6 model 58 stepping 9, cmov, cx8, fxsr, mmx, sse, sse2, sse3, ssse3, sse4.1, sse4.2, popcnt, avx, erms, ht, tsc, tscinvbit, tscinv

Memory: 4k page, physical 6189924k(77884k free), swap 15678688k(2880k free)

vm_info: Java HotSpot(TM) 64-Bit Server VM (24.79-b02) for windows-amd64 JRE (1.7.0_79-b15), built on Apr 10 2015 12:36:16 by "java_re" with unknown MS VC++:1600

time: Tue Jan 12 19:02:37 2016
elapsed time: 12 seconds

